<?xml version="1.0" encoding="UTF-8"?>
<!-- Generated by org.testng.reporters.JUnitReportReporter -->
<testsuite hostname="DESKTOP-UH1VAF7" name="OrangehrmTestscripts.Loginpage" tests="1" failures="0" timestamp="11 Oct 2017 16:26:07 GMT" time="4.240" errors="0">
  <testcase name="verifyloginpage" time="4.240" classname="OrangehrmTestscripts.Loginpage"/>
</testsuite> <!-- OrangehrmTestscripts.Loginpage -->
